<?xml version="1.0" encoding="UTF-8"?>
<coverage generated="1688686688789" clover="3.2.0">
  <project timestamp="1688686688789" name="All files">
    <metrics statements="23" coveredstatements="23" conditionals="27" coveredconditionals="23" methods="2" coveredmethods="2" elements="52" coveredelements="48" complexity="0" loc="23" ncloc="23" packages="1" files="1" classes="1"/>
    <file name="paginator.js" path="/Users/nicolasdifabio/Desktop/Cursos/challenges/swapi-FE/src/utils/paginator.js">
      <metrics statements="23" coveredstatements="23" conditionals="27" coveredconditionals="23" methods="2" coveredmethods="2"/>
      <line num="1" count="1" type="cond" truecount="1" falsecount="0"/>
      <line num="2" count="2" type="stmt"/>
      <line num="3" count="2" type="cond" truecount="3" falsecount="0"/>
      <line num="4" count="2" type="cond" truecount="5" falsecount="0"/>
      <line num="5" count="2" type="stmt"/>
      <line num="6" count="2" type="stmt"/>
      <line num="7" count="2" type="cond" truecount="2" falsecount="0"/>
      <line num="8" count="1" type="stmt"/>
      <line num="9" count="2" type="stmt"/>
      <line num="10" count="1" type="stmt"/>
      <line num="11" count="1" type="cond" truecount="7" falsecount="0"/>
      <line num="12" count="4" type="stmt"/>
      <line num="13" count="4" type="cond" truecount="1" falsecount="1"/>
      <line num="14" count="2" type="cond" truecount="0" falsecount="1"/>
      <line num="15" count="2" type="stmt"/>
      <line num="16" count="2" type="stmt"/>
      <line num="17" count="2" type="stmt"/>
      <line num="18" count="2" type="stmt"/>
      <line num="19" count="4" type="cond" truecount="2" falsecount="1"/>
      <line num="20" count="4" type="cond" truecount="2" falsecount="1"/>
      <line num="21" count="4" type="stmt"/>
      <line num="22" count="4" type="stmt"/>
      <line num="23" count="4" type="stmt"/>
    </file>
  </project>
</coverage>
