{"/Users/nicolasdifabio/Desktop/Cursos/challenges/swapi-FE/src/utils/paginator.js": {"path":"/Users/nicolasdifabio/Desktop/Cursos/challenges/swapi-FE/src/utils/paginator.js","all":false,"statementMap":{"0":{"start":{"line":1,"column":0},"end":{"line":1,"column":40}},"1":{"start":{"line":2,"column":0},"end":{"line":2,"column":0}},"2":{"start":{"line":3,"column":0},"end":{"line":3,"column":39}},"3":{"start":{"line":4,"column":0},"end":{"line":4,"column":50}},"4":{"start":{"line":5,"column":0},"end":{"line":5,"column":21}},"5":{"start":{"line":6,"column":0},"end":{"line":6,"column":0}},"6":{"start":{"line":7,"column":0},"end":{"line":7,"column":57}},"7":{"start":{"line":8,"column":0},"end":{"line":8,"column":75}},"8":{"start":{"line":9,"column":0},"end":{"line":9,"column":2}},"9":{"start":{"line":10,"column":0},"end":{"line":10,"column":0}},"10":{"start":{"line":11,"column":0},"end":{"line":11,"column":55}},"11":{"start":{"line":12,"column":0},"end":{"line":12,"column":0}},"12":{"start":{"line":13,"column":0},"end":{"line":13,"column":28}},"13":{"start":{"line":14,"column":0},"end":{"line":14,"column":63}},"14":{"start":{"line":15,"column":0},"end":{"line":15,"column":63}},"15":{"start":{"line":16,"column":0},"end":{"line":16,"column":0}},"16":{"start":{"line":17,"column":0},"end":{"line":17,"column":47}},"17":{"start":{"line":18,"column":0},"end":{"line":18,"column":5}},"18":{"start":{"line":19,"column":0},"end":{"line":19,"column":81}},"19":{"start":{"line":20,"column":0},"end":{"line":20,"column":46}},"20":{"start":{"line":21,"column":0},"end":{"line":21,"column":0}},"21":{"start":{"line":22,"column":0},"end":{"line":22,"column":43}},"22":{"start":{"line":23,"column":0},"end":{"line":23,"column":2}}},"s":{"0":1,"1":2,"2":2,"3":2,"4":2,"5":2,"6":2,"7":1,"8":2,"9":1,"10":1,"11":4,"12":4,"13":2,"14":2,"15":2,"16":2,"17":2,"18":4,"19":4,"20":4,"21":4,"22":4},"branchMap":{"0":{"type":"branch","line":1,"loc":{"start":{"line":1,"column":29},"end":{"line":9,"column":2}},"locations":[{"start":{"line":1,"column":29},"end":{"line":9,"column":2}}]},"1":{"type":"branch","line":3,"loc":{"start":{"line":3,"column":31},"end":{"line":3,"column":33}},"locations":[{"start":{"line":3,"column":31},"end":{"line":3,"column":33}}]},"2":{"type":"branch","line":3,"loc":{"start":{"line":3,"column":31},"end":{"line":3,"column":33}},"locations":[{"start":{"line":3,"column":31},"end":{"line":3,"column":33}}]},"3":{"type":"branch","line":3,"loc":{"start":{"line":3,"column":31},"end":{"line":3,"column":38}},"locations":[{"start":{"line":3,"column":31},"end":{"line":3,"column":38}}]},"4":{"type":"branch","line":4,"loc":{"start":{"line":4,"column":32},"end":{"line":4,"column":34}},"locations":[{"start":{"line":4,"column":32},"end":{"line":4,"column":34}}]},"5":{"type":"branch","line":4,"loc":{"start":{"line":4,"column":32},"end":{"line":4,"column":43}},"locations":[{"start":{"line":4,"column":32},"end":{"line":4,"column":43}}]},"6":{"type":"branch","line":4,"loc":{"start":{"line":4,"column":41},"end":{"line":4,"column":43}},"locations":[{"start":{"line":4,"column":41},"end":{"line":4,"column":43}}]},"7":{"type":"branch","line":4,"loc":{"start":{"line":4,"column":41},"end":{"line":4,"column":43}},"locations":[{"start":{"line":4,"column":41},"end":{"line":4,"column":43}}]},"8":{"type":"branch","line":4,"loc":{"start":{"line":4,"column":41},"end":{"line":4,"column":49}},"locations":[{"start":{"line":4,"column":41},"end":{"line":4,"column":49}}]},"9":{"type":"branch","line":7,"loc":{"start":{"line":7,"column":23},"end":{"line":7,"column":43}},"locations":[{"start":{"line":7,"column":23},"end":{"line":7,"column":43}}]},"10":{"type":"branch","line":7,"loc":{"start":{"line":7,"column":45},"end":{"line":8,"column":75}},"locations":[{"start":{"line":7,"column":45},"end":{"line":8,"column":75}}]},"11":{"type":"branch","line":11,"loc":{"start":{"line":11,"column":29},"end":{"line":23,"column":2}},"locations":[{"start":{"line":11,"column":29},"end":{"line":23,"column":2}}]},"12":{"type":"branch","line":11,"loc":{"start":{"line":11,"column":34},"end":{"line":11,"column":37}},"locations":[{"start":{"line":11,"column":34},"end":{"line":11,"column":37}}]},"13":{"type":"branch","line":11,"loc":{"start":{"line":11,"column":34},"end":{"line":11,"column":37}},"locations":[{"start":{"line":11,"column":34},"end":{"line":11,"column":37}}]},"14":{"type":"branch","line":11,"loc":{"start":{"line":11,"column":34},"end":{"line":11,"column":39}},"locations":[{"start":{"line":11,"column":34},"end":{"line":11,"column":39}}]},"15":{"type":"branch","line":11,"loc":{"start":{"line":11,"column":45},"end":{"line":11,"column":48}},"locations":[{"start":{"line":11,"column":45},"end":{"line":11,"column":48}}]},"16":{"type":"branch","line":11,"loc":{"start":{"line":11,"column":45},"end":{"line":11,"column":48}},"locations":[{"start":{"line":11,"column":45},"end":{"line":11,"column":48}}]},"17":{"type":"branch","line":11,"loc":{"start":{"line":11,"column":45},"end":{"line":11,"column":49}},"locations":[{"start":{"line":11,"column":45},"end":{"line":11,"column":49}}]},"18":{"type":"branch","line":13,"loc":{"start":{"line":13,"column":12},"end":{"line":13,"column":14}},"locations":[{"start":{"line":13,"column":12},"end":{"line":13,"column":14}}]},"19":{"type":"branch","line":13,"loc":{"start":{"line":13,"column":27},"end":{"line":19,"column":44}},"locations":[{"start":{"line":13,"column":27},"end":{"line":19,"column":44}}]},"20":{"type":"branch","line":14,"loc":{"start":{"line":14,"column":33},"end":{"line":14,"column":35}},"locations":[{"start":{"line":14,"column":33},"end":{"line":14,"column":35}}]},"21":{"type":"branch","line":19,"loc":{"start":{"line":19,"column":40},"end":{"line":19,"column":45}},"locations":[{"start":{"line":19,"column":40},"end":{"line":19,"column":45}}]},"22":{"type":"branch","line":19,"loc":{"start":{"line":19,"column":45},"end":{"line":19,"column":80}},"locations":[{"start":{"line":19,"column":45},"end":{"line":19,"column":80}}]},"23":{"type":"branch","line":19,"loc":{"start":{"line":19,"column":66},"end":{"line":19,"column":68}},"locations":[{"start":{"line":19,"column":66},"end":{"line":19,"column":68}}]},"24":{"type":"branch","line":20,"loc":{"start":{"line":20,"column":29},"end":{"line":20,"column":31}},"locations":[{"start":{"line":20,"column":29},"end":{"line":20,"column":31}}]},"25":{"type":"branch","line":20,"loc":{"start":{"line":20,"column":29},"end":{"line":20,"column":31}},"locations":[{"start":{"line":20,"column":29},"end":{"line":20,"column":31}}]},"26":{"type":"branch","line":20,"loc":{"start":{"line":20,"column":29},"end":{"line":20,"column":37}},"locations":[{"start":{"line":20,"column":29},"end":{"line":20,"column":37}}]}},"b":{"0":[2],"1":[1],"2":[1],"3":[1],"4":[1],"5":[1],"6":[1],"7":[1],"8":[1],"9":[1],"10":[1],"11":[4],"12":[3],"13":[3],"14":[1],"15":[3],"16":[3],"17":[1],"18":[0],"19":[2],"20":[0],"21":[1],"22":[1],"23":[0],"24":[2],"25":[0],"26":[2]},"fnMap":{"0":{"name":"getTotalPages","decl":{"start":{"line":1,"column":29},"end":{"line":9,"column":2}},"loc":{"start":{"line":1,"column":29},"end":{"line":9,"column":2}},"line":1},"1":{"name":"viewRegisters","decl":{"start":{"line":11,"column":29},"end":{"line":23,"column":2}},"loc":{"start":{"line":11,"column":29},"end":{"line":23,"column":2}},"line":11}},"f":{"0":2,"1":4}}
}
