TN:
SF:src/utils/paginator.js
FN:1,getTotalPages
FN:11,viewRegisters
FNF:2
FNH:2
FNDA:2,getTotalPages
FNDA:4,viewRegisters
DA:1,1
DA:2,2
DA:3,2
DA:4,2
DA:5,2
DA:6,2
DA:7,2
DA:8,1
DA:9,2
DA:10,1
DA:11,1
DA:12,4
DA:13,4
DA:14,2
DA:15,2
DA:16,2
DA:17,2
DA:18,2
DA:19,4
DA:20,4
DA:21,4
DA:22,4
DA:23,4
LF:23
LH:23
BRDA:1,0,0,2
BRDA:3,1,0,1
BRDA:3,2,0,1
BRDA:3,3,0,1
BRDA:4,4,0,1
BRDA:4,5,0,1
BRDA:4,6,0,1
BRDA:4,7,0,1
BRDA:4,8,0,1
BRDA:7,9,0,1
BRDA:7,10,0,1
BRDA:11,11,0,4
BRDA:11,12,0,3
BRDA:11,13,0,3
BRDA:11,14,0,1
BRDA:11,15,0,3
BRDA:11,16,0,3
BRDA:11,17,0,1
BRDA:13,18,0,0
BRDA:13,19,0,2
BRDA:14,20,0,0
BRDA:19,21,0,1
BRDA:19,22,0,1
BRDA:19,23,0,0
BRDA:20,24,0,2
BRDA:20,25,0,0
BRDA:20,26,0,2
BRF:27
BRH:23
end_of_record
